<?xml version="1.0" encoding="UTF-8"?>
<!-- Generated by org.testng.reporters.JUnitReportReporter -->
<testsuite hostname="AD" failures="0" tests="1" name="testCases.TC_001_RegistrationTest" time="0.483" errors="0" timestamp="2024-03-19T14:54:52 EDT" skipped="0">
  <testcase classname="testCases.TC_001_RegistrationTest" name="verify_registartion" time="0.483"/>
</testsuite> <!-- testCases.TC_001_RegistrationTest -->
