<?xml version="1.0" encoding="UTF-8"?>
<!-- Generated by org.testng.reporters.JUnitReportReporter -->
<testsuite hostname="AD" failures="0" tests="4" name="runner.TestRunner" time="0.152" errors="0" timestamp="2024-03-15T09:16:32 EDT" skipped="0">
  <testcase classname="runner.TestRunner" name="runScenario" time="0.015"/>
  <testcase classname="runner.TestRunner" name="runScenario" time="0.010"/>
  <testcase classname="runner.TestRunner" name="runScenario" time="0.008"/>
  <testcase classname="runner.TestRunner" name="runScenario" time="0.119"/>
</testsuite> <!-- runner.TestRunner -->
