<?xml version="1.0" encoding="UTF-8"?>
<!-- Generated by org.testng.reporters.JUnitReportReporter -->
<testsuite hostname="AD" failures="0" tests="1" name="testCases.TC_002_LoginTest" time="0.528" errors="0" timestamp="2024-03-19T14:54:52 EDT" skipped="0">
  <testcase classname="testCases.TC_002_LoginTest" name="verify_login" time="0.528"/>
</testsuite> <!-- testCases.TC_002_LoginTest -->
