<?xml version="1.0" encoding="UTF-8"?>
<!-- Generated by org.testng.reporters.JUnitReportReporter -->
<testsuite hostname="AD" failures="0" tests="4" name="testCases.TC_003_LoginDDT" time="11.806" errors="0" timestamp="2024-03-21T13:33:18 EDT" skipped="0">
  <testcase classname="testCases.TC_003_LoginDDT" name="verify_loginDDT" time="0.411"/>
  <testcase classname="testCases.TC_003_LoginDDT" name="verify_loginDDT" time="0.726"/>
  <testcase classname="testCases.TC_003_LoginDDT" name="verify_loginDDT" time="0.393"/>
  <testcase classname="testCases.TC_003_LoginDDT" name="verify_loginDDT" time="10.276"/>
</testsuite> <!-- testCases.TC_003_LoginDDT -->
