<?xml version="1.0" encoding="UTF-8"?>
<!-- Generated by org.testng.reporters.JUnitReportReporter -->
<testsuite hostname="AD" failures="0" tests="4" name="testCases.TC_003_LoginDDT" time="12.902" errors="0" timestamp="2024-03-21T14:29:01 EDT" skipped="0">
  <testcase classname="testCases.TC_003_LoginDDT" name="verify_loginDDT" time="0.719"/>
  <testcase classname="testCases.TC_003_LoginDDT" name="verify_loginDDT" time="10.561"/>
  <testcase classname="testCases.TC_003_LoginDDT" name="verify_loginDDT" time="0.703"/>
  <testcase classname="testCases.TC_003_LoginDDT" name="verify_loginDDT" time="0.919"/>
</testsuite> <!-- testCases.TC_003_LoginDDT -->
